<?xml version="1.0" encoding="UTF-8"?>
<testsuite name="org.arain.power.PowerCommonApplicationTests" time="0.006" tests="1" errors="1" skipped="0" failures="0">
  <properties>
[...]
</properties>
  <testcase name="initializationError" classname="org.arain.power.PowerCommonApplicationTests" time="0.006">
    <error message="Unable to find a @SpringBootConfiguration, you need to use @ContextConfiguration or @SpringBootTest(classes=...) with your test" type="java.lang.IllegalStateException"><![CDATA[java.lang.IllegalStateException: Unable to find a @SpringBootConfiguration, you need to use @ContextConfiguration or @SpringBootTest(classes=...) with your test
	at org.springframework.util.Assert.state(Assert.java:70)
	at org.springframework.boot.test.context.SpringBootTestContextBootstrapper.getOrFindConfigurationClasses(SpringBootTestContextBootstrapper.java:202)
	at org.springframework.boot.test.context.SpringBootTestContextBootstrapper.processMergedContextConfiguration(SpringBootTestContextBootstrapper.java:137)
	at org.springframework.test.context.support.AbstractTestContextBootstrapper.buildMergedContextConfiguration(AbstractTestContextBootstrapper.java:409)
	at org.springframework.test.context.support.AbstractTestContextBootstrapper.buildDefaultMergedContextConfiguration(AbstractTestContextBootstrapper.java:323)
	at org.springframework.test.context.support.AbstractTestContextBootstrapper.buildMergedContextConfiguration(AbstractTestContextBootstrapper.java:277)
	at org.springframework.test.context.support.AbstractTestContextBootstrapper.buildTestContext(AbstractTestContextBootstrapper.java:112)
	at org.springframework.boot.test.context.SpringBootTestContextBootstrapper.buildTestContext(SpringBootTestContextBootstrapper.java:82)
	at org.springframework.test.context.TestContextManager.<init>(TestContextManager.java:120)
	at org.springframework.test.context.TestContextManager.<init>(TestContextManager.java:105)
	at org.springframework.test.context.junit4.SpringJUnit4ClassRunner.createTestContextManager(SpringJUnit4ClassRunner.java:152)
	at org.springframework.test.context.junit4.SpringJUnit4ClassRunner.<init>(SpringJUnit4ClassRunner.java:143)
	at org.springframework.test.context.junit4.SpringRunner.<init>(SpringRunner.java:49)
	at sun.reflect.NativeConstructorAccessorImpl.newInstance0(Native Method)
	at sun.reflect.NativeConstructorAccessorImpl.newInstance(NativeConstructorAccessorImpl.java:62)
	at sun.reflect.DelegatingConstructorAccessorImpl.newInstance(DelegatingConstructorAccessorImpl.java:45)
	at java.lang.reflect.Constructor.newInstance(Constructor.java:423)
	at org.junit.internal.builders.AnnotatedBuilder.buildRunner(AnnotatedBuilder.java:104)
	at org.junit.internal.builders.AnnotatedBuilder.runnerForClass(AnnotatedBuilder.java:86)
	at org.junit.runners.model.RunnerBuilder.safeRunnerForClass(RunnerBuilder.java:59)
	at org.junit.internal.builders.AllDefaultPossibilitiesBuilder.runnerForClass(AllDefaultPossibilitiesBuilder.java:26)
	at org.junit.runners.model.RunnerBuilder.safeRunnerForClass(RunnerBuilder.java:59)
	at org.junit.internal.requests.ClassRequest.getRunner(ClassRequest.java:33)
	at org.apache.maven.surefire.junit4.JUnit4Provider.execute(JUnit4Provider.java:283)
	at org.apache.maven.surefire.junit4.JUnit4Provider.executeWithRerun(JUnit4Provider.java:173)
	at org.apache.maven.surefire.junit4.JUnit4Provider.executeTestSet(JUnit4Provider.java:153)
	at org.apache.maven.surefire.junit4.JUnit4Provider.invoke(JUnit4Provider.java:128)
	at org.apache.maven.surefire.booter.ForkedBooter.invokeProviderInSameClassLoader(ForkedBooter.java:203)
	at org.apache.maven.surefire.booter.ForkedBooter.runSuitesInProcess(ForkedBooter.java:155)
	at org.apache.maven.surefire.booter.ForkedBooter.main(ForkedBooter.java:103)
]]></error>
    <system-out><![CDATA[11:28:25.291 [main] DEBUG org.springframework.test.context.junit4.SpringJUnit4ClassRunner - SpringJUnit4ClassRunner constructor called with [class org.arain.power.PowerCommonApplicationTests]
11:28:25.296 [main] DEBUG org.springframework.test.context.BootstrapUtils - Instantiating CacheAwareContextLoaderDelegate from class [org.springframework.test.context.cache.DefaultCacheAwareContextLoaderDelegate]
11:28:25.304 [main] DEBUG org.springframework.test.context.BootstrapUtils - Instantiating BootstrapContext using constructor [public org.springframework.test.context.support.DefaultBootstrapContext(java.lang.Class,org.springframework.test.context.CacheAwareContextLoaderDelegate)]
11:28:25.317 [main] DEBUG org.springframework.test.context.BootstrapUtils - Instantiating TestContextBootstrapper for test class [org.arain.power.PowerCommonApplicationTests] from class [org.springframework.boot.test.context.SpringBootTestContextBootstrapper]
11:28:25.327 [main] INFO org.springframework.boot.test.context.SpringBootTestContextBootstrapper - Neither @ContextConfiguration nor @ContextHierarchy found for test class [org.arain.power.PowerCommonApplicationTests], using SpringBootContextLoader
11:28:25.331 [main] DEBUG org.springframework.test.context.support.AbstractContextLoader - Did not detect default resource location for test class [org.arain.power.PowerCommonApplicationTests]: class path resource [org/arain/power/PowerCommonApplicationTests-context.xml] does not exist
11:28:25.333 [main] DEBUG org.springframework.test.context.support.AbstractContextLoader - Did not detect default resource location for test class [org.arain.power.PowerCommonApplicationTests]: class path resource [org/arain/power/PowerCommonApplicationTestsContext.groovy] does not exist
11:28:25.334 [main] INFO org.springframework.test.context.support.AbstractContextLoader - Could not detect default resource locations for test class [org.arain.power.PowerCommonApplicationTests]: no resource found for suffixes {-context.xml, Context.groovy}.
11:28:25.336 [main] INFO org.springframework.test.context.support.AnnotationConfigContextLoaderUtils - Could not detect default configuration classes for test class [org.arain.power.PowerCommonApplicationTests]: PowerCommonApplicationTests does not declare any static, non-private, non-final, nested classes annotated with @Configuration.
11:28:25.365 [main] DEBUG org.springframework.test.context.support.ActiveProfilesUtils - Could not find an 'annotation declaring class' for annotation type [org.springframework.test.context.ActiveProfiles] and class [org.arain.power.PowerCommonApplicationTests]
11:28:25.373 [main] DEBUG org.springframework.core.env.StandardEnvironment - Adding PropertySource 'systemProperties' with lowest search precedence
11:28:25.373 [main] DEBUG org.springframework.core.env.StandardEnvironment - Adding PropertySource 'systemEnvironment' with lowest search precedence
11:28:25.374 [main] DEBUG org.springframework.core.env.StandardEnvironment - Initialized StandardEnvironment with PropertySources [MapPropertySource@1335298403 {name='systemProperties', properties={java.runtime.name=Java(TM) SE Runtime Environment, sun.boot.library.path=C:\Program Files\Java\jdk1.8.0_92\jre\bin, java.vm.version=25.92-b14, java.vm.vendor=Oracle Corporation, java.vendor.url=http://java.oracle.com/, path.separator=;, java.vm.name=Java HotSpot(TM) 64-Bit Server VM, file.encoding.pkg=sun.io, user.country=CN, user.script=, sun.java.launcher=SUN_STANDARD, sun.os.patch.level=, java.vm.specification.name=Java Virtual Machine Specification, user.dir=E:\none\power-parent\power-common, java.runtime.version=1.8.0_92-b14, basedir=E:\none\power-parent\power-common, java.awt.graphicsenv=sun.awt.Win32GraphicsEnvironment, java.endorsed.dirs=C:\Program Files\Java\jdk1.8.0_92\jre\lib\endorsed, os.arch=amd64, surefire.real.class.path=E:\none\power-parent\power-common\target\surefire\surefirebooter3683847415946406347.jar, java.io.tmpdir=C:\Users\Arain\AppData\Local\Temp\, line.separator=
, java.vm.specification.vendor=Oracle Corporation, user.variant=, os.name=Windows 10, sun.jnu.encoding=GBK, java.library.path=C:\Program Files\Java\jdk1.8.0_92\jre\bin;C:\WINDOWS\Sun\Java\bin;C:\WINDOWS\system32;C:\WINDOWS;C:/Program Files/Java/jre1.8.0_92/bin/server;C:/Program Files/Java/jre1.8.0_92/bin;C:/Program Files/Java/jre1.8.0_92/lib/amd64;C:\ProgramData\Oracle\Java\javapath;E:\app\Arain\product\11.2.0\dbhome_2\bin;C:\Program Files (x86)\Intel\iCLS Client\;C:\Program Files\Intel\iCLS Client\;C:\Windows\system32;C:\Windows;C:\Windows\System32\Wbem;C:\Windows\System32\WindowsPowerShell\v1.0\;C:\Program Files (x86)\MySQL\MySQL Server 5.5\bin;C:\Program Files\TortoiseSVN\bin;D:\securecrt\;C:\Program Files\Git\cmd;C:\WINDOWS\system32;C:\WINDOWS;C:\WINDOWS\System32\Wbem;C:\WINDOWS\System32\WindowsPowerShell\v1.0\;C:\Program Files (x86)\Intel\Intel(R) Management Engine Components\DAL;C:\Program Files\Intel\Intel(R) Management Engine Components\DAL;C:\Program Files (x86)\Intel\Intel(R) Management Engine Components\IPT;C:\Program Files\Intel\Intel(R) Management Engine Components\IPT;C:\Program Files\Intel\WiFi\bin\;C:\Program Files\Common Files\Intel\WirelessCommon\;C:\Program Files\MacType;C:\Program Files (x86)\NVIDIA Corporation\PhysX\Common;C:\Program Files\WIDCOMM\Bluetooth Software\;C:\Program Files\WIDCOMM\Bluetooth Software\syswow64;;C:\WINDOWS\system32;C:\WINDOWS;C:\WINDOWS\System32\Wbem;C:\WINDOWS\System32\WindowsPowerShell\v1.0\;C:\Program Files\nodejs\;G:\program\anaconda3;G:\program\anaconda3\Library\mingw-w64\bin;G:\program\anaconda3\Library\usr\bin;G:\program\anaconda3\Library\bin;G:\program\anaconda3\Scripts;C:\Users\Arain\AppData\Local\Microsoft\WindowsApps;C:\Program Files\Intel\WiFi\bin\;C:\Program Files\Common Files\Intel\WirelessCommon\;G:\program\phantomjs\bin;C:\Users\Arain\AppData\Roaming\npm;G:\eclipse;;., surefire.test.class.path=E:\none\power-parent\power-common\target\test-classes;E:\none\power-parent\power-common\target\classes;e:\maven\repository\org\springframework\boot\spring-boot-starter\1.5.9.RELEASE\spring-boot-starter-1.5.9.RELEASE.jar;e:\maven\repository\org\springframework\boot\spring-boot\1.5.9.RELEASE\spring-boot-1.5.9.RELEASE.jar;e:\maven\repository\org\springframework\spring-context\4.3.13.RELEASE\spring-context-4.3.13.RELEASE.jar;e:\maven\repository\org\springframework\spring-aop\4.3.13.RELEASE\spring-aop-4.3.13.RELEASE.jar;e:\maven\repository\org\springframework\spring-beans\4.3.13.RELEASE\spring-beans-4.3.13.RELEASE.jar;e:\maven\repository\org\springframework\spring-expression\4.3.13.RELEASE\spring-expression-4.3.13.RELEASE.jar;e:\maven\repository\org\springframework\boot\spring-boot-autoconfigure\1.5.9.RELEASE\spring-boot-autoconfigure-1.5.9.RELEASE.jar;e:\maven\repository\org\springframework\boot\spring-boot-starter-logging\1.5.9.RELEASE\spring-boot-starter-logging-1.5.9.RELEASE.jar;e:\maven\repository\ch\qos\logback\logback-classic\1.1.11\logback-classic-1.1.11.jar;e:\maven\repository\ch\qos\logback\logback-core\1.1.11\logback-core-1.1.11.jar;e:\maven\repository\org\slf4j\jcl-over-slf4j\1.7.25\jcl-over-slf4j-1.7.25.jar;e:\maven\repository\org\slf4j\jul-to-slf4j\1.7.25\jul-to-slf4j-1.7.25.jar;e:\maven\repository\org\slf4j\log4j-over-slf4j\1.7.25\log4j-over-slf4j-1.7.25.jar;e:\maven\repository\org\springframework\spring-core\4.3.13.RELEASE\spring-core-4.3.13.RELEASE.jar;e:\maven\repository\org\yaml\snakeyaml\1.17\snakeyaml-1.17.jar;e:\maven\repository\org\springframework\boot\spring-boot-starter-test\1.5.9.RELEASE\spring-boot-starter-test-1.5.9.RELEASE.jar;e:\maven\repository\org\springframework\boot\spring-boot-test\1.5.9.RELEASE\spring-boot-test-1.5.9.RELEASE.jar;e:\maven\repository\org\springframework\boot\spring-boot-test-autoconfigure\1.5.9.RELEASE\spring-boot-test-autoconfigure-1.5.9.RELEASE.jar;e:\maven\repository\com\jayway\jsonpath\json-path\2.2.0\json-path-2.2.0.jar;e:\maven\repository\net\minidev\json-smart\2.2.1\json-smart-2.2.1.jar;e:\maven\repository\net\minidev\accessors-smart\1.1\accessors-smart-1.1.jar;e:\maven\repository\org\ow2\asm\asm\5.0.3\asm-5.0.3.jar;e:\maven\repository\org\slf4j\slf4j-api\1.7.25\slf4j-api-1.7.25.jar;e:\maven\repository\junit\junit\4.12\junit-4.12.jar;e:\maven\repository\org\assertj\assertj-core\2.6.0\assertj-core-2.6.0.jar;e:\maven\repository\org\mockito\mockito-core\1.10.19\mockito-core-1.10.19.jar;e:\maven\repository\org\objenesis\objenesis\2.1\objenesis-2.1.jar;e:\maven\repository\org\hamcrest\hamcrest-core\1.3\hamcrest-core-1.3.jar;e:\maven\repository\org\hamcrest\hamcrest-library\1.3\hamcrest-library-1.3.jar;e:\maven\repository\org\skyscreamer\jsonassert\1.4.0\jsonassert-1.4.0.jar;e:\maven\repository\com\vaadin\external\google\android-json\0.0.20131108.vaadin1\android-json-0.0.20131108.vaadin1.jar;e:\maven\repository\org\springframework\spring-test\4.3.13.RELEASE\spring-test-4.3.13.RELEASE.jar;, java.specification.name=Java Platform API Specification, java.class.version=52.0, sun.management.compiler=HotSpot 64-Bit Tiered Compilers, os.version=10.0, user.home=C:\Users\Arain, user.timezone=Asia/Shanghai, java.awt.printerjob=sun.awt.windows.WPrinterJob, file.encoding=GBK, java.specification.version=1.8, java.class.path=E:\none\power-parent\power-common\target\test-classes;E:\none\power-parent\power-common\target\classes;e:\maven\repository\org\springframework\boot\spring-boot-starter\1.5.9.RELEASE\spring-boot-starter-1.5.9.RELEASE.jar;e:\maven\repository\org\springframework\boot\spring-boot\1.5.9.RELEASE\spring-boot-1.5.9.RELEASE.jar;e:\maven\repository\org\springframework\spring-context\4.3.13.RELEASE\spring-context-4.3.13.RELEASE.jar;e:\maven\repository\org\springframework\spring-aop\4.3.13.RELEASE\spring-aop-4.3.13.RELEASE.jar;e:\maven\repository\org\springframework\spring-beans\4.3.13.RELEASE\spring-beans-4.3.13.RELEASE.jar;e:\maven\repository\org\springframework\spring-expression\4.3.13.RELEASE\spring-expression-4.3.13.RELEASE.jar;e:\maven\repository\org\springframework\boot\spring-boot-autoconfigure\1.5.9.RELEASE\spring-boot-autoconfigure-1.5.9.RELEASE.jar;e:\maven\repository\org\springframework\boot\spring-boot-starter-logging\1.5.9.RELEASE\spring-boot-starter-logging-1.5.9.RELEASE.jar;e:\maven\repository\ch\qos\logback\logback-classic\1.1.11\logback-classic-1.1.11.jar;e:\maven\repository\ch\qos\logback\logback-core\1.1.11\logback-core-1.1.11.jar;e:\maven\repository\org\slf4j\jcl-over-slf4j\1.7.25\jcl-over-slf4j-1.7.25.jar;e:\maven\repository\org\slf4j\jul-to-slf4j\1.7.25\jul-to-slf4j-1.7.25.jar;e:\maven\repository\org\slf4j\log4j-over-slf4j\1.7.25\log4j-over-slf4j-1.7.25.jar;e:\maven\repository\org\springframework\spring-core\4.3.13.RELEASE\spring-core-4.3.13.RELEASE.jar;e:\maven\repository\org\yaml\snakeyaml\1.17\snakeyaml-1.17.jar;e:\maven\repository\org\springframework\boot\spring-boot-starter-test\1.5.9.RELEASE\spring-boot-starter-test-1.5.9.RELEASE.jar;e:\maven\repository\org\springframework\boot\spring-boot-test\1.5.9.RELEASE\spring-boot-test-1.5.9.RELEASE.jar;e:\maven\repository\org\springframework\boot\spring-boot-test-autoconfigure\1.5.9.RELEASE\spring-boot-test-autoconfigure-1.5.9.RELEASE.jar;e:\maven\repository\com\jayway\jsonpath\json-path\2.2.0\json-path-2.2.0.jar;e:\maven\repository\net\minidev\json-smart\2.2.1\json-smart-2.2.1.jar;e:\maven\repository\net\minidev\accessors-smart\1.1\accessors-smart-1.1.jar;e:\maven\repository\org\ow2\asm\asm\5.0.3\asm-5.0.3.jar;e:\maven\repository\org\slf4j\slf4j-api\1.7.25\slf4j-api-1.7.25.jar;e:\maven\repository\junit\junit\4.12\junit-4.12.jar;e:\maven\repository\org\assertj\assertj-core\2.6.0\assertj-core-2.6.0.jar;e:\maven\repository\org\mockito\mockito-core\1.10.19\mockito-core-1.10.19.jar;e:\maven\repository\org\objenesis\objenesis\2.1\objenesis-2.1.jar;e:\maven\repository\org\hamcrest\hamcrest-core\1.3\hamcrest-core-1.3.jar;e:\maven\repository\org\hamcrest\hamcrest-library\1.3\hamcrest-library-1.3.jar;e:\maven\repository\org\skyscreamer\jsonassert\1.4.0\jsonassert-1.4.0.jar;e:\maven\repository\com\vaadin\external\google\android-json\0.0.20131108.vaadin1\android-json-0.0.20131108.vaadin1.jar;e:\maven\repository\org\springframework\spring-test\4.3.13.RELEASE\spring-test-4.3.13.RELEASE.jar;, user.name=Arain, java.vm.specification.version=1.8, sun.java.command=E:\none\power-parent\power-common\target\surefire\surefirebooter3683847415946406347.jar E:\none\power-parent\power-common\target\surefire\surefire8941089884255287990tmp E:\none\power-parent\power-common\target\surefire\surefire_03355143968487907841tmp, java.home=C:\Program Files\Java\jdk1.8.0_92\jre, sun.arch.data.model=64, user.language=zh, java.specification.vendor=Oracle Corporation, awt.toolkit=sun.awt.windows.WToolkit, java.vm.info=mixed mode, java.version=1.8.0_92, java.ext.dirs=C:\Program Files\Java\jdk1.8.0_92\jre\lib\ext;C:\WINDOWS\Sun\Java\lib\ext, sun.boot.class.path=C:\Program Files\Java\jdk1.8.0_92\jre\lib\resources.jar;C:\Program Files\Java\jdk1.8.0_92\jre\lib\rt.jar;C:\Program Files\Java\jdk1.8.0_92\jre\lib\sunrsasign.jar;C:\Program Files\Java\jdk1.8.0_92\jre\lib\jsse.jar;C:\Program Files\Java\jdk1.8.0_92\jre\lib\jce.jar;C:\Program Files\Java\jdk1.8.0_92\jre\lib\charsets.jar;C:\Program Files\Java\jdk1.8.0_92\jre\lib\jfr.jar;C:\Program Files\Java\jdk1.8.0_92\jre\classes, java.vendor=Oracle Corporation, localRepository=e:\maven\repository, file.separator=\, java.vendor.url.bug=http://bugreport.sun.com/bugreport/, sun.io.unicode.encoding=UnicodeLittle, sun.cpu.endian=little, sun.desktop=windows, sun.cpu.isalist=amd64}}, SystemEnvironmentPropertySource@1643691748 {name='systemEnvironment', properties={PATH=C:/Program Files/Java/jre1.8.0_92/bin/server;C:/Program Files/Java/jre1.8.0_92/bin;C:/Program Files/Java/jre1.8.0_92/lib/amd64;C:\ProgramData\Oracle\Java\javapath;E:\app\Arain\product\11.2.0\dbhome_2\bin;C:\Program Files (x86)\Intel\iCLS Client\;C:\Program Files\Intel\iCLS Client\;C:\Windows\system32;C:\Windows;C:\Windows\System32\Wbem;C:\Windows\System32\WindowsPowerShell\v1.0\;C:\Program Files (x86)\MySQL\MySQL Server 5.5\bin;C:\Program Files\TortoiseSVN\bin;D:\securecrt\;C:\Program Files\Git\cmd;C:\WINDOWS\system32;C:\WINDOWS;C:\WINDOWS\System32\Wbem;C:\WINDOWS\System32\WindowsPowerShell\v1.0\;C:\Program Files (x86)\Intel\Intel(R) Management Engine Components\DAL;C:\Program Files\Intel\Intel(R) Management Engine Components\DAL;C:\Program Files (x86)\Intel\Intel(R) Management Engine Components\IPT;C:\Program Files\Intel\Intel(R) Management Engine Components\IPT;C:\Program Files\Intel\WiFi\bin\;C:\Program Files\Common Files\Intel\WirelessCommon\;C:\Program Files\MacType;C:\Program Files (x86)\NVIDIA Corporation\PhysX\Common;C:\Program Files\WIDCOMM\Bluetooth Software\;C:\Program Files\WIDCOMM\Bluetooth Software\syswow64;;C:\WINDOWS\system32;C:\WINDOWS;C:\WINDOWS\System32\Wbem;C:\WINDOWS\System32\WindowsPowerShell\v1.0\;C:\Program Files\nodejs\;G:\program\anaconda3;G:\program\anaconda3\Library\mingw-w64\bin;G:\program\anaconda3\Library\usr\bin;G:\program\anaconda3\Library\bin;G:\program\anaconda3\Scripts;C:\Users\Arain\AppData\Local\Microsoft\WindowsApps;C:\Program Files\Intel\WiFi\bin\;C:\Program Files\Common Files\Intel\WirelessCommon\;G:\program\phantomjs\bin;C:\Users\Arain\AppData\Roaming\npm;G:\eclipse;, USERDOMAIN_ROAMINGPROFILE=ARAIN-1026, LOCALAPPDATA=C:\Users\Arain\AppData\Local, PROCESSOR_LEVEL=6, SYSTEMDRIVE=C:, COMMONPROGRAMFILES(X86)=C:\Program Files (x86)\Common Files, VS140COMNTOOLS=C:\Program Files (x86)\Microsoft Visual Studio 14.0\Common7\Tools\, USERDOMAIN=ARAIN-1026, FPS_BROWSER_APP_PROFILE_STRING=Internet Explorer, LOGONSERVER=\\ARAIN-1026, PROMPT=$P$G, SESSIONNAME=Console, ALLUSERSPROFILE=C:\ProgramData, PROGRAMFILES(X86)=C:\Program Files (x86), PROCESSOR_ARCHITECTURE=AMD64, NVIDIAWHITELISTED=0x01, MACTYPE_X64ADDR=140722930780928, =E:=E:\none\power-parent\power-common, PROGRAMFILES=C:\Program Files, =C:=C:\, APPDATA=C:\Users\Arain\AppData\Roaming, PSMODULEPATH=C:\Program Files\WindowsPowerShell\Modules;C:\WINDOWS\system32\WindowsPowerShell\v1.0\Modules, PROGRAMW6432=C:\Program Files, PROGRAMDATA=C:\ProgramData, SYSTEMROOT=C:\WINDOWS, USERNAME=Arain, FPS_BROWSER_USER_PROFILE_STRING=Default, ONEDRIVE=C:\Users\Arain\OneDrive, CONFIGSETROOT=C:\WINDOWS\ConfigSetRoot, PATHEXT=.COM;.EXE;.BAT;.CMD;.VBS;.VBE;.JS;.JSE;.WSF;.WSH;.MSC, OS=Windows_NT, COMMONPROGRAMW6432=C:\Program Files\Common Files, COMPUTERNAME=ARAIN-1026, COMMONPROGRAMFILES=C:\Program Files\Common Files, COMSPEC=C:\WINDOWS\system32\cmd.exe, PROCESSOR_REVISION=9e09, SHIM_MCCOMPAT=0x810000001, WINDIR=C:\WINDOWS, HOMEPATH=\Users\Arain, TEMP=C:\Users\Arain\AppData\Local\Temp, HOMEDRIVE=C:, PROCESSOR_IDENTIFIER=Intel64 Family 6 Model 158 Stepping 9, GenuineIntel, USERPROFILE=C:\Users\Arain, TMP=C:\Users\Arain\AppData\Local\Temp, PUBLIC=C:\Users\Public, NUMBER_OF_PROCESSORS=4, =::=::\}}]
11:28:25.383 [main] DEBUG org.springframework.core.io.support.PathMatchingResourcePatternResolver - Resolved classpath location [org/arain/power/] to resources [URL [file:/E:/none/power-parent/power-common/target/test-classes/org/arain/power/], URL [file:/E:/none/power-parent/power-common/target/classes/org/arain/power/]]
11:28:25.383 [main] DEBUG org.springframework.core.io.support.PathMatchingResourcePatternResolver - Looking for matching resources in directory tree [E:\none\power-parent\power-common\target\test-classes\org\arain\power]
11:28:25.383 [main] DEBUG org.springframework.core.io.support.PathMatchingResourcePatternResolver - Searching directory [E:\none\power-parent\power-common\target\test-classes\org\arain\power] for files matching pattern [E:/none/power-parent/power-common/target/test-classes/org/arain/power/*.class]
11:28:25.385 [main] DEBUG org.springframework.core.io.support.PathMatchingResourcePatternResolver - Looking for matching resources in directory tree [E:\none\power-parent\power-common\target\classes\org\arain\power]
11:28:25.386 [main] DEBUG org.springframework.core.io.support.PathMatchingResourcePatternResolver - Searching directory [E:\none\power-parent\power-common\target\classes\org\arain\power] for files matching pattern [E:/none/power-parent/power-common/target/classes/org/arain/power/*.class]
11:28:25.386 [main] DEBUG org.springframework.core.io.support.PathMatchingResourcePatternResolver - Resolved location pattern [classpath*:org/arain/power/*.class] to resources [file [E:\none\power-parent\power-common\target\test-classes\org\arain\power\PowerCommonApplicationTests.class]]
11:28:25.398 [main] DEBUG org.springframework.core.io.support.PathMatchingResourcePatternResolver - Resolved classpath location [org/arain/] to resources [URL [file:/E:/none/power-parent/power-common/target/test-classes/org/arain/], URL [file:/E:/none/power-parent/power-common/target/classes/org/arain/]]
11:28:25.398 [main] DEBUG org.springframework.core.io.support.PathMatchingResourcePatternResolver - Looking for matching resources in directory tree [E:\none\power-parent\power-common\target\test-classes\org\arain]
11:28:25.398 [main] DEBUG org.springframework.core.io.support.PathMatchingResourcePatternResolver - Searching directory [E:\none\power-parent\power-common\target\test-classes\org\arain] for files matching pattern [E:/none/power-parent/power-common/target/test-classes/org/arain/*.class]
11:28:25.399 [main] DEBUG org.springframework.core.io.support.PathMatchingResourcePatternResolver - Looking for matching resources in directory tree [E:\none\power-parent\power-common\target\classes\org\arain]
11:28:25.399 [main] DEBUG org.springframework.core.io.support.PathMatchingResourcePatternResolver - Searching directory [E:\none\power-parent\power-common\target\classes\org\arain] for files matching pattern [E:/none/power-parent/power-common/target/classes/org/arain/*.class]
11:28:25.399 [main] DEBUG org.springframework.core.io.support.PathMatchingResourcePatternResolver - Resolved location pattern [classpath*:org/arain/*.class] to resources []
11:28:25.401 [main] DEBUG org.springframework.core.io.support.PathMatchingResourcePatternResolver - Resolved classpath location [org/] to resources [URL [jar:file:/e:/maven/repository/org/apache/maven/surefire/surefire-booter/2.18.1/surefire-booter-2.18.1.jar!/org/], URL [jar:file:/e:/maven/repository/org/apache/maven/surefire/surefire-api/2.18.1/surefire-api-2.18.1.jar!/org/], URL [file:/E:/none/power-parent/power-common/target/test-classes/org/], URL [file:/E:/none/power-parent/power-common/target/classes/org/], URL [jar:file:/e:/maven/repository/org/springframework/boot/spring-boot/1.5.9.RELEASE/spring-boot-1.5.9.RELEASE.jar!/org/], URL [jar:file:/e:/maven/repository/org/springframework/spring-context/4.3.13.RELEASE/spring-context-4.3.13.RELEASE.jar!/org/], URL [jar:file:/e:/maven/repository/org/springframework/spring-aop/4.3.13.RELEASE/spring-aop-4.3.13.RELEASE.jar!/org/], URL [jar:file:/e:/maven/repository/org/springframework/spring-beans/4.3.13.RELEASE/spring-beans-4.3.13.RELEASE.jar!/org/], URL [jar:file:/e:/maven/repository/org/springframework/spring-expression/4.3.13.RELEASE/spring-expression-4.3.13.RELEASE.jar!/org/], URL [jar:file:/e:/maven/repository/org/springframework/boot/spring-boot-autoconfigure/1.5.9.RELEASE/spring-boot-autoconfigure-1.5.9.RELEASE.jar!/org/], URL [jar:file:/e:/maven/repository/ch/qos/logback/logback-classic/1.1.11/logback-classic-1.1.11.jar!/org/], URL [jar:file:/e:/maven/repository/org/slf4j/jcl-over-slf4j/1.7.25/jcl-over-slf4j-1.7.25.jar!/org/], URL [jar:file:/e:/maven/repository/org/slf4j/jul-to-slf4j/1.7.25/jul-to-slf4j-1.7.25.jar!/org/], URL [jar:file:/e:/maven/repository/org/slf4j/log4j-over-slf4j/1.7.25/log4j-over-slf4j-1.7.25.jar!/org/], URL [jar:file:/e:/maven/repository/org/springframework/spring-core/4.3.13.RELEASE/spring-core-4.3.13.RELEASE.jar!/org/], URL [jar:file:/e:/maven/repository/org/yaml/snakeyaml/1.17/snakeyaml-1.17.jar!/org/], URL [jar:file:/e:/maven/repository/org/springframework/boot/spring-boot-test/1.5.9.RELEASE/spring-boot-test-1.5.9.RELEASE.jar!/org/], URL [jar:file:/e:/maven/repository/org/springframework/boot/spring-boot-test-autoconfigure/1.5.9.RELEASE/spring-boot-test-autoconfigure-1.5.9.RELEASE.jar!/org/], URL [jar:file:/e:/maven/repository/net/minidev/accessors-smart/1.1/accessors-smart-1.1.jar!/org/], URL [jar:file:/e:/maven/repository/org/ow2/asm/asm/5.0.3/asm-5.0.3.jar!/org/], URL [jar:file:/e:/maven/repository/org/slf4j/slf4j-api/1.7.25/slf4j-api-1.7.25.jar!/org/], URL [jar:file:/e:/maven/repository/junit/junit/4.12/junit-4.12.jar!/org/], URL [jar:file:/e:/maven/repository/org/assertj/assertj-core/2.6.0/assertj-core-2.6.0.jar!/org/], URL [jar:file:/e:/maven/repository/org/mockito/mockito-core/1.10.19/mockito-core-1.10.19.jar!/org/], URL [jar:file:/e:/maven/repository/org/objenesis/objenesis/2.1/objenesis-2.1.jar!/org/], URL [jar:file:/e:/maven/repository/org/hamcrest/hamcrest-core/1.3/hamcrest-core-1.3.jar!/org/], URL [jar:file:/e:/maven/repository/org/hamcrest/hamcrest-library/1.3/hamcrest-library-1.3.jar!/org/], URL [jar:file:/e:/maven/repository/org/skyscreamer/jsonassert/1.4.0/jsonassert-1.4.0.jar!/org/], URL [jar:file:/e:/maven/repository/com/vaadin/external/google/android-json/0.0.20131108.vaadin1/android-json-0.0.20131108.vaadin1.jar!/org/], URL [jar:file:/e:/maven/repository/org/springframework/spring-test/4.3.13.RELEASE/spring-test-4.3.13.RELEASE.jar!/org/], URL [jar:file:/e:/maven/repository/org/apache/maven/surefire/surefire-junit4/2.18.1/surefire-junit4-2.18.1.jar!/org/]]
11:28:25.402 [main] DEBUG org.springframework.core.io.support.PathMatchingResourcePatternResolver - Looking for matching resources in jar file [file:/e:/maven/repository/org/apache/maven/surefire/surefire-booter/2.18.1/surefire-booter-2.18.1.jar]
11:28:25.402 [main] DEBUG org.springframework.core.io.support.PathMatchingResourcePatternResolver - Looking for matching resources in jar file [file:/e:/maven/repository/org/apache/maven/surefire/surefire-api/2.18.1/surefire-api-2.18.1.jar]
11:28:25.404 [main] DEBUG org.springframework.core.io.support.PathMatchingResourcePatternResolver - Looking for matching resources in directory tree [E:\none\power-parent\power-common\target\test-classes\org]
11:28:25.404 [main] DEBUG org.springframework.core.io.support.PathMatchingResourcePatternResolver - Searching directory [E:\none\power-parent\power-common\target\test-classes\org] for files matching pattern [E:/none/power-parent/power-common/target/test-classes/org/*.class]
11:28:25.404 [main] DEBUG org.springframework.core.io.support.PathMatchingResourcePatternResolver - Looking for matching resources in directory tree [E:\none\power-parent\power-common\target\classes\org]
11:28:25.404 [main] DEBUG org.springframework.core.io.support.PathMatchingResourcePatternResolver - Searching directory [E:\none\power-parent\power-common\target\classes\org] for files matching pattern [E:/none/power-parent/power-common/target/classes/org/*.class]
11:28:25.405 [main] DEBUG org.springframework.core.io.support.PathMatchingResourcePatternResolver - Looking for matching resources in jar file [file:/e:/maven/repository/org/springframework/boot/spring-boot/1.5.9.RELEASE/spring-boot-1.5.9.RELEASE.jar]
11:28:25.410 [main] DEBUG org.springframework.core.io.support.PathMatchingResourcePatternResolver - Looking for matching resources in jar file [file:/e:/maven/repository/org/springframework/spring-context/4.3.13.RELEASE/spring-context-4.3.13.RELEASE.jar]
11:28:25.417 [main] DEBUG org.springframework.core.io.support.PathMatchingResourcePatternResolver - Looking for matching resources in jar file [file:/e:/maven/repository/org/springframework/spring-aop/4.3.13.RELEASE/spring-aop-4.3.13.RELEASE.jar]
11:28:25.419 [main] DEBUG org.springframework.core.io.support.PathMatchingResourcePatternResolver - Looking for matching resources in jar file [file:/e:/maven/repository/org/springframework/spring-beans/4.3.13.RELEASE/spring-beans-4.3.13.RELEASE.jar]
11:28:25.421 [main] DEBUG org.springframework.core.io.support.PathMatchingResourcePatternResolver - Looking for matching resources in jar file [file:/e:/maven/repository/org/springframework/spring-expression/4.3.13.RELEASE/spring-expression-4.3.13.RELEASE.jar]
11:28:25.422 [main] DEBUG org.springframework.core.io.support.PathMatchingResourcePatternResolver - Looking for matching resources in jar file [file:/e:/maven/repository/org/springframework/boot/spring-boot-autoconfigure/1.5.9.RELEASE/spring-boot-autoconfigure-1.5.9.RELEASE.jar]
11:28:25.425 [main] DEBUG org.springframework.core.io.support.PathMatchingResourcePatternResolver - Looking for matching resources in jar file [file:/e:/maven/repository/ch/qos/logback/logback-classic/1.1.11/logback-classic-1.1.11.jar]
11:28:25.426 [main] DEBUG org.springframework.core.io.support.PathMatchingResourcePatternResolver - Looking for matching resources in jar file [file:/e:/maven/repository/org/slf4j/jcl-over-slf4j/1.7.25/jcl-over-slf4j-1.7.25.jar]
11:28:25.426 [main] DEBUG org.springframework.core.io.support.PathMatchingResourcePatternResolver - Looking for matching resources in jar file [file:/e:/maven/repository/org/slf4j/jul-to-slf4j/1.7.25/jul-to-slf4j-1.7.25.jar]
11:28:25.426 [main] DEBUG org.springframework.core.io.support.PathMatchingResourcePatternResolver - Looking for matching resources in jar file [file:/e:/maven/repository/org/slf4j/log4j-over-slf4j/1.7.25/log4j-over-slf4j-1.7.25.jar]
11:28:25.427 [main] DEBUG org.springframework.core.io.support.PathMatchingResourcePatternResolver - Looking for matching resources in jar file [file:/e:/maven/repository/org/springframework/spring-core/4.3.13.RELEASE/spring-core-4.3.13.RELEASE.jar]
11:28:25.432 [main] DEBUG org.springframework.core.io.support.PathMatchingResourcePatternResolver - Looking for matching resources in jar file [file:/e:/maven/repository/org/yaml/snakeyaml/1.17/snakeyaml-1.17.jar]
11:28:25.433 [main] DEBUG org.springframework.core.io.support.PathMatchingResourcePatternResolver - Looking for matching resources in jar file [file:/e:/maven/repository/org/springframework/boot/spring-boot-test/1.5.9.RELEASE/spring-boot-test-1.5.9.RELEASE.jar]
11:28:25.434 [main] DEBUG org.springframework.core.io.support.PathMatchingResourcePatternResolver - Looking for matching resources in jar file [file:/e:/maven/repository/org/springframework/boot/spring-boot-test-autoconfigure/1.5.9.RELEASE/spring-boot-test-autoconfigure-1.5.9.RELEASE.jar]
11:28:25.435 [main] DEBUG org.springframework.core.io.support.PathMatchingResourcePatternResolver - Looking for matching resources in jar file [file:/e:/maven/repository/net/minidev/accessors-smart/1.1/accessors-smart-1.1.jar]
11:28:25.435 [main] DEBUG org.springframework.core.io.support.PathMatchingResourcePatternResolver - Looking for matching resources in jar file [file:/e:/maven/repository/org/ow2/asm/asm/5.0.3/asm-5.0.3.jar]
11:28:25.435 [main] DEBUG org.springframework.core.io.support.PathMatchingResourcePatternResolver - Looking for matching resources in jar file [file:/e:/maven/repository/org/slf4j/slf4j-api/1.7.25/slf4j-api-1.7.25.jar]
11:28:25.436 [main] DEBUG org.springframework.core.io.support.PathMatchingResourcePatternResolver - Looking for matching resources in jar file [file:/e:/maven/repository/junit/junit/4.12/junit-4.12.jar]
11:28:25.437 [main] DEBUG org.springframework.core.io.support.PathMatchingResourcePatternResolver - Looking for matching resources in jar file [file:/e:/maven/repository/org/assertj/assertj-core/2.6.0/assertj-core-2.6.0.jar]
11:28:25.440 [main] DEBUG org.springframework.core.io.support.PathMatchingResourcePatternResolver - Looking for matching resources in jar file [file:/e:/maven/repository/org/mockito/mockito-core/1.10.19/mockito-core-1.10.19.jar]
11:28:25.447 [main] DEBUG org.springframework.core.io.support.PathMatchingResourcePatternResolver - Looking for matching resources in jar file [file:/e:/maven/repository/org/objenesis/objenesis/2.1/objenesis-2.1.jar]
11:28:25.448 [main] DEBUG org.springframework.core.io.support.PathMatchingResourcePatternResolver - Looking for matching resources in jar file [file:/e:/maven/repository/org/hamcrest/hamcrest-core/1.3/hamcrest-core-1.3.jar]
11:28:25.448 [main] DEBUG org.springframework.core.io.support.PathMatchingResourcePatternResolver - Looking for matching resources in jar file [file:/e:/maven/repository/org/hamcrest/hamcrest-library/1.3/hamcrest-library-1.3.jar]
11:28:25.450 [main] DEBUG org.springframework.core.io.support.PathMatchingResourcePatternResolver - Looking for matching resources in jar file [file:/e:/maven/repository/org/skyscreamer/jsonassert/1.4.0/jsonassert-1.4.0.jar]
11:28:25.451 [main] DEBUG org.springframework.core.io.support.PathMatchingResourcePatternResolver - Looking for matching resources in jar file [file:/e:/maven/repository/com/vaadin/external/google/android-json/0.0.20131108.vaadin1/android-json-0.0.20131108.vaadin1.jar]
11:28:25.452 [main] DEBUG org.springframework.core.io.support.PathMatchingResourcePatternResolver - Looking for matching resources in jar file [file:/e:/maven/repository/org/springframework/spring-test/4.3.13.RELEASE/spring-test-4.3.13.RELEASE.jar]
11:28:25.454 [main] DEBUG org.springframework.core.io.support.PathMatchingResourcePatternResolver - Looking for matching resources in jar file [file:/e:/maven/repository/org/apache/maven/surefire/surefire-junit4/2.18.1/surefire-junit4-2.18.1.jar]
11:28:25.456 [main] DEBUG org.springframework.core.io.support.PathMatchingResourcePatternResolver - Resolved location pattern [classpath*:org/*.class] to resources []
11:28:25.463 [main] DEBUG org.springframework.test.context.junit4.SpringJUnit4ClassRunner - SpringJUnit4ClassRunner constructor called with [class org.arain.power.PowerCommonApplicationTests]
11:28:25.464 [main] DEBUG org.springframework.test.context.BootstrapUtils - Instantiating CacheAwareContextLoaderDelegate from class [org.springframework.test.context.cache.DefaultCacheAwareContextLoaderDelegate]
11:28:25.465 [main] DEBUG org.springframework.test.context.BootstrapUtils - Instantiating BootstrapContext using constructor [public org.springframework.test.context.support.DefaultBootstrapContext(java.lang.Class,org.springframework.test.context.CacheAwareContextLoaderDelegate)]
11:28:25.465 [main] DEBUG org.springframework.test.context.BootstrapUtils - Instantiating TestContextBootstrapper for test class [org.arain.power.PowerCommonApplicationTests] from class [org.springframework.boot.test.context.SpringBootTestContextBootstrapper]
11:28:25.466 [main] INFO org.springframework.boot.test.context.SpringBootTestContextBootstrapper - Neither @ContextConfiguration nor @ContextHierarchy found for test class [org.arain.power.PowerCommonApplicationTests], using SpringBootContextLoader
11:28:25.466 [main] DEBUG org.springframework.test.context.support.AbstractContextLoader - Did not detect default resource location for test class [org.arain.power.PowerCommonApplicationTests]: class path resource [org/arain/power/PowerCommonApplicationTests-context.xml] does not exist
11:28:25.467 [main] DEBUG org.springframework.test.context.support.AbstractContextLoader - Did not detect default resource location for test class [org.arain.power.PowerCommonApplicationTests]: class path resource [org/arain/power/PowerCommonApplicationTestsContext.groovy] does not exist
11:28:25.467 [main] INFO org.springframework.test.context.support.AbstractContextLoader - Could not detect default resource locations for test class [org.arain.power.PowerCommonApplicationTests]: no resource found for suffixes {-context.xml, Context.groovy}.
11:28:25.467 [main] INFO org.springframework.test.context.support.AnnotationConfigContextLoaderUtils - Could not detect default configuration classes for test class [org.arain.power.PowerCommonApplicationTests]: PowerCommonApplicationTests does not declare any static, non-private, non-final, nested classes annotated with @Configuration.
11:28:25.474 [main] DEBUG org.springframework.test.context.support.ActiveProfilesUtils - Could not find an 'annotation declaring class' for annotation type [org.springframework.test.context.ActiveProfiles] and class [org.arain.power.PowerCommonApplicationTests]
11:28:25.474 [main] DEBUG org.springframework.core.env.StandardEnvironment - Adding PropertySource 'systemProperties' with lowest search precedence
11:28:25.474 [main] DEBUG org.springframework.core.env.StandardEnvironment - Adding PropertySource 'systemEnvironment' with lowest search precedence
11:28:25.475 [main] DEBUG org.springframework.core.env.StandardEnvironment - Initialized StandardEnvironment with PropertySources [MapPropertySource@205962452 {name='systemProperties', properties={java.runtime.name=Java(TM) SE Runtime Environment, sun.boot.library.path=C:\Program Files\Java\jdk1.8.0_92\jre\bin, java.vm.version=25.92-b14, java.vm.vendor=Oracle Corporation, java.vendor.url=http://java.oracle.com/, path.separator=;, java.vm.name=Java HotSpot(TM) 64-Bit Server VM, file.encoding.pkg=sun.io, user.country=CN, user.script=, sun.java.launcher=SUN_STANDARD, sun.os.patch.level=, java.vm.specification.name=Java Virtual Machine Specification, user.dir=E:\none\power-parent\power-common, java.runtime.version=1.8.0_92-b14, basedir=E:\none\power-parent\power-common, java.awt.graphicsenv=sun.awt.Win32GraphicsEnvironment, java.endorsed.dirs=C:\Program Files\Java\jdk1.8.0_92\jre\lib\endorsed, os.arch=amd64, surefire.real.class.path=E:\none\power-parent\power-common\target\surefire\surefirebooter3683847415946406347.jar, java.io.tmpdir=C:\Users\Arain\AppData\Local\Temp\, line.separator=
, java.vm.specification.vendor=Oracle Corporation, user.variant=, os.name=Windows 10, sun.jnu.encoding=GBK, java.library.path=C:\Program Files\Java\jdk1.8.0_92\jre\bin;C:\WINDOWS\Sun\Java\bin;C:\WINDOWS\system32;C:\WINDOWS;C:/Program Files/Java/jre1.8.0_92/bin/server;C:/Program Files/Java/jre1.8.0_92/bin;C:/Program Files/Java/jre1.8.0_92/lib/amd64;C:\ProgramData\Oracle\Java\javapath;E:\app\Arain\product\11.2.0\dbhome_2\bin;C:\Program Files (x86)\Intel\iCLS Client\;C:\Program Files\Intel\iCLS Client\;C:\Windows\system32;C:\Windows;C:\Windows\System32\Wbem;C:\Windows\System32\WindowsPowerShell\v1.0\;C:\Program Files (x86)\MySQL\MySQL Server 5.5\bin;C:\Program Files\TortoiseSVN\bin;D:\securecrt\;C:\Program Files\Git\cmd;C:\WINDOWS\system32;C:\WINDOWS;C:\WINDOWS\System32\Wbem;C:\WINDOWS\System32\WindowsPowerShell\v1.0\;C:\Program Files (x86)\Intel\Intel(R) Management Engine Components\DAL;C:\Program Files\Intel\Intel(R) Management Engine Components\DAL;C:\Program Files (x86)\Intel\Intel(R) Management Engine Components\IPT;C:\Program Files\Intel\Intel(R) Management Engine Components\IPT;C:\Program Files\Intel\WiFi\bin\;C:\Program Files\Common Files\Intel\WirelessCommon\;C:\Program Files\MacType;C:\Program Files (x86)\NVIDIA Corporation\PhysX\Common;C:\Program Files\WIDCOMM\Bluetooth Software\;C:\Program Files\WIDCOMM\Bluetooth Software\syswow64;;C:\WINDOWS\system32;C:\WINDOWS;C:\WINDOWS\System32\Wbem;C:\WINDOWS\System32\WindowsPowerShell\v1.0\;C:\Program Files\nodejs\;G:\program\anaconda3;G:\program\anaconda3\Library\mingw-w64\bin;G:\program\anaconda3\Library\usr\bin;G:\program\anaconda3\Library\bin;G:\program\anaconda3\Scripts;C:\Users\Arain\AppData\Local\Microsoft\WindowsApps;C:\Program Files\Intel\WiFi\bin\;C:\Program Files\Common Files\Intel\WirelessCommon\;G:\program\phantomjs\bin;C:\Users\Arain\AppData\Roaming\npm;G:\eclipse;;., surefire.test.class.path=E:\none\power-parent\power-common\target\test-classes;E:\none\power-parent\power-common\target\classes;e:\maven\repository\org\springframework\boot\spring-boot-starter\1.5.9.RELEASE\spring-boot-starter-1.5.9.RELEASE.jar;e:\maven\repository\org\springframework\boot\spring-boot\1.5.9.RELEASE\spring-boot-1.5.9.RELEASE.jar;e:\maven\repository\org\springframework\spring-context\4.3.13.RELEASE\spring-context-4.3.13.RELEASE.jar;e:\maven\repository\org\springframework\spring-aop\4.3.13.RELEASE\spring-aop-4.3.13.RELEASE.jar;e:\maven\repository\org\springframework\spring-beans\4.3.13.RELEASE\spring-beans-4.3.13.RELEASE.jar;e:\maven\repository\org\springframework\spring-expression\4.3.13.RELEASE\spring-expression-4.3.13.RELEASE.jar;e:\maven\repository\org\springframework\boot\spring-boot-autoconfigure\1.5.9.RELEASE\spring-boot-autoconfigure-1.5.9.RELEASE.jar;e:\maven\repository\org\springframework\boot\spring-boot-starter-logging\1.5.9.RELEASE\spring-boot-starter-logging-1.5.9.RELEASE.jar;e:\maven\repository\ch\qos\logback\logback-classic\1.1.11\logback-classic-1.1.11.jar;e:\maven\repository\ch\qos\logback\logback-core\1.1.11\logback-core-1.1.11.jar;e:\maven\repository\org\slf4j\jcl-over-slf4j\1.7.25\jcl-over-slf4j-1.7.25.jar;e:\maven\repository\org\slf4j\jul-to-slf4j\1.7.25\jul-to-slf4j-1.7.25.jar;e:\maven\repository\org\slf4j\log4j-over-slf4j\1.7.25\log4j-over-slf4j-1.7.25.jar;e:\maven\repository\org\springframework\spring-core\4.3.13.RELEASE\spring-core-4.3.13.RELEASE.jar;e:\maven\repository\org\yaml\snakeyaml\1.17\snakeyaml-1.17.jar;e:\maven\repository\org\springframework\boot\spring-boot-starter-test\1.5.9.RELEASE\spring-boot-starter-test-1.5.9.RELEASE.jar;e:\maven\repository\org\springframework\boot\spring-boot-test\1.5.9.RELEASE\spring-boot-test-1.5.9.RELEASE.jar;e:\maven\repository\org\springframework\boot\spring-boot-test-autoconfigure\1.5.9.RELEASE\spring-boot-test-autoconfigure-1.5.9.RELEASE.jar;e:\maven\repository\com\jayway\jsonpath\json-path\2.2.0\json-path-2.2.0.jar;e:\maven\repository\net\minidev\json-smart\2.2.1\json-smart-2.2.1.jar;e:\maven\repository\net\minidev\accessors-smart\1.1\accessors-smart-1.1.jar;e:\maven\repository\org\ow2\asm\asm\5.0.3\asm-5.0.3.jar;e:\maven\repository\org\slf4j\slf4j-api\1.7.25\slf4j-api-1.7.25.jar;e:\maven\repository\junit\junit\4.12\junit-4.12.jar;e:\maven\repository\org\assertj\assertj-core\2.6.0\assertj-core-2.6.0.jar;e:\maven\repository\org\mockito\mockito-core\1.10.19\mockito-core-1.10.19.jar;e:\maven\repository\org\objenesis\objenesis\2.1\objenesis-2.1.jar;e:\maven\repository\org\hamcrest\hamcrest-core\1.3\hamcrest-core-1.3.jar;e:\maven\repository\org\hamcrest\hamcrest-library\1.3\hamcrest-library-1.3.jar;e:\maven\repository\org\skyscreamer\jsonassert\1.4.0\jsonassert-1.4.0.jar;e:\maven\repository\com\vaadin\external\google\android-json\0.0.20131108.vaadin1\android-json-0.0.20131108.vaadin1.jar;e:\maven\repository\org\springframework\spring-test\4.3.13.RELEASE\spring-test-4.3.13.RELEASE.jar;, java.specification.name=Java Platform API Specification, java.class.version=52.0, sun.management.compiler=HotSpot 64-Bit Tiered Compilers, os.version=10.0, user.home=C:\Users\Arain, user.timezone=Asia/Shanghai, java.awt.printerjob=sun.awt.windows.WPrinterJob, file.encoding=GBK, java.specification.version=1.8, java.class.path=E:\none\power-parent\power-common\target\test-classes;E:\none\power-parent\power-common\target\classes;e:\maven\repository\org\springframework\boot\spring-boot-starter\1.5.9.RELEASE\spring-boot-starter-1.5.9.RELEASE.jar;e:\maven\repository\org\springframework\boot\spring-boot\1.5.9.RELEASE\spring-boot-1.5.9.RELEASE.jar;e:\maven\repository\org\springframework\spring-context\4.3.13.RELEASE\spring-context-4.3.13.RELEASE.jar;e:\maven\repository\org\springframework\spring-aop\4.3.13.RELEASE\spring-aop-4.3.13.RELEASE.jar;e:\maven\repository\org\springframework\spring-beans\4.3.13.RELEASE\spring-beans-4.3.13.RELEASE.jar;e:\maven\repository\org\springframework\spring-expression\4.3.13.RELEASE\spring-expression-4.3.13.RELEASE.jar;e:\maven\repository\org\springframework\boot\spring-boot-autoconfigure\1.5.9.RELEASE\spring-boot-autoconfigure-1.5.9.RELEASE.jar;e:\maven\repository\org\springframework\boot\spring-boot-starter-logging\1.5.9.RELEASE\spring-boot-starter-logging-1.5.9.RELEASE.jar;e:\maven\repository\ch\qos\logback\logback-classic\1.1.11\logback-classic-1.1.11.jar;e:\maven\repository\ch\qos\logback\logback-core\1.1.11\logback-core-1.1.11.jar;e:\maven\repository\org\slf4j\jcl-over-slf4j\1.7.25\jcl-over-slf4j-1.7.25.jar;e:\maven\repository\org\slf4j\jul-to-slf4j\1.7.25\jul-to-slf4j-1.7.25.jar;e:\maven\repository\org\slf4j\log4j-over-slf4j\1.7.25\log4j-over-slf4j-1.7.25.jar;e:\maven\repository\org\springframework\spring-core\4.3.13.RELEASE\spring-core-4.3.13.RELEASE.jar;e:\maven\repository\org\yaml\snakeyaml\1.17\snakeyaml-1.17.jar;e:\maven\repository\org\springframework\boot\spring-boot-starter-test\1.5.9.RELEASE\spring-boot-starter-test-1.5.9.RELEASE.jar;e:\maven\repository\org\springframework\boot\spring-boot-test\1.5.9.RELEASE\spring-boot-test-1.5.9.RELEASE.jar;e:\maven\repository\org\springframework\boot\spring-boot-test-autoconfigure\1.5.9.RELEASE\spring-boot-test-autoconfigure-1.5.9.RELEASE.jar;e:\maven\repository\com\jayway\jsonpath\json-path\2.2.0\json-path-2.2.0.jar;e:\maven\repository\net\minidev\json-smart\2.2.1\json-smart-2.2.1.jar;e:\maven\repository\net\minidev\accessors-smart\1.1\accessors-smart-1.1.jar;e:\maven\repository\org\ow2\asm\asm\5.0.3\asm-5.0.3.jar;e:\maven\repository\org\slf4j\slf4j-api\1.7.25\slf4j-api-1.7.25.jar;e:\maven\repository\junit\junit\4.12\junit-4.12.jar;e:\maven\repository\org\assertj\assertj-core\2.6.0\assertj-core-2.6.0.jar;e:\maven\repository\org\mockito\mockito-core\1.10.19\mockito-core-1.10.19.jar;e:\maven\repository\org\objenesis\objenesis\2.1\objenesis-2.1.jar;e:\maven\repository\org\hamcrest\hamcrest-core\1.3\hamcrest-core-1.3.jar;e:\maven\repository\org\hamcrest\hamcrest-library\1.3\hamcrest-library-1.3.jar;e:\maven\repository\org\skyscreamer\jsonassert\1.4.0\jsonassert-1.4.0.jar;e:\maven\repository\com\vaadin\external\google\android-json\0.0.20131108.vaadin1\android-json-0.0.20131108.vaadin1.jar;e:\maven\repository\org\springframework\spring-test\4.3.13.RELEASE\spring-test-4.3.13.RELEASE.jar;, user.name=Arain, java.vm.specification.version=1.8, sun.java.command=E:\none\power-parent\power-common\target\surefire\surefirebooter3683847415946406347.jar E:\none\power-parent\power-common\target\surefire\surefire8941089884255287990tmp E:\none\power-parent\power-common\target\surefire\surefire_03355143968487907841tmp, java.home=C:\Program Files\Java\jdk1.8.0_92\jre, sun.arch.data.model=64, user.language=zh, java.specification.vendor=Oracle Corporation, awt.toolkit=sun.awt.windows.WToolkit, java.vm.info=mixed mode, java.version=1.8.0_92, java.ext.dirs=C:\Program Files\Java\jdk1.8.0_92\jre\lib\ext;C:\WINDOWS\Sun\Java\lib\ext, sun.boot.class.path=C:\Program Files\Java\jdk1.8.0_92\jre\lib\resources.jar;C:\Program Files\Java\jdk1.8.0_92\jre\lib\rt.jar;C:\Program Files\Java\jdk1.8.0_92\jre\lib\sunrsasign.jar;C:\Program Files\Java\jdk1.8.0_92\jre\lib\jsse.jar;C:\Program Files\Java\jdk1.8.0_92\jre\lib\jce.jar;C:\Program Files\Java\jdk1.8.0_92\jre\lib\charsets.jar;C:\Program Files\Java\jdk1.8.0_92\jre\lib\jfr.jar;C:\Program Files\Java\jdk1.8.0_92\jre\classes, java.vendor=Oracle Corporation, localRepository=e:\maven\repository, file.separator=\, java.vendor.url.bug=http://bugreport.sun.com/bugreport/, sun.io.unicode.encoding=UnicodeLittle, sun.cpu.endian=little, sun.desktop=windows, sun.cpu.isalist=amd64}}, SystemEnvironmentPropertySource@842326585 {name='systemEnvironment', properties={PATH=C:/Program Files/Java/jre1.8.0_92/bin/server;C:/Program Files/Java/jre1.8.0_92/bin;C:/Program Files/Java/jre1.8.0_92/lib/amd64;C:\ProgramData\Oracle\Java\javapath;E:\app\Arain\product\11.2.0\dbhome_2\bin;C:\Program Files (x86)\Intel\iCLS Client\;C:\Program Files\Intel\iCLS Client\;C:\Windows\system32;C:\Windows;C:\Windows\System32\Wbem;C:\Windows\System32\WindowsPowerShell\v1.0\;C:\Program Files (x86)\MySQL\MySQL Server 5.5\bin;C:\Program Files\TortoiseSVN\bin;D:\securecrt\;C:\Program Files\Git\cmd;C:\WINDOWS\system32;C:\WINDOWS;C:\WINDOWS\System32\Wbem;C:\WINDOWS\System32\WindowsPowerShell\v1.0\;C:\Program Files (x86)\Intel\Intel(R) Management Engine Components\DAL;C:\Program Files\Intel\Intel(R) Management Engine Components\DAL;C:\Program Files (x86)\Intel\Intel(R) Management Engine Components\IPT;C:\Program Files\Intel\Intel(R) Management Engine Components\IPT;C:\Program Files\Intel\WiFi\bin\;C:\Program Files\Common Files\Intel\WirelessCommon\;C:\Program Files\MacType;C:\Program Files (x86)\NVIDIA Corporation\PhysX\Common;C:\Program Files\WIDCOMM\Bluetooth Software\;C:\Program Files\WIDCOMM\Bluetooth Software\syswow64;;C:\WINDOWS\system32;C:\WINDOWS;C:\WINDOWS\System32\Wbem;C:\WINDOWS\System32\WindowsPowerShell\v1.0\;C:\Program Files\nodejs\;G:\program\anaconda3;G:\program\anaconda3\Library\mingw-w64\bin;G:\program\anaconda3\Library\usr\bin;G:\program\anaconda3\Library\bin;G:\program\anaconda3\Scripts;C:\Users\Arain\AppData\Local\Microsoft\WindowsApps;C:\Program Files\Intel\WiFi\bin\;C:\Program Files\Common Files\Intel\WirelessCommon\;G:\program\phantomjs\bin;C:\Users\Arain\AppData\Roaming\npm;G:\eclipse;, USERDOMAIN_ROAMINGPROFILE=ARAIN-1026, LOCALAPPDATA=C:\Users\Arain\AppData\Local, PROCESSOR_LEVEL=6, SYSTEMDRIVE=C:, COMMONPROGRAMFILES(X86)=C:\Program Files (x86)\Common Files, VS140COMNTOOLS=C:\Program Files (x86)\Microsoft Visual Studio 14.0\Common7\Tools\, USERDOMAIN=ARAIN-1026, FPS_BROWSER_APP_PROFILE_STRING=Internet Explorer, LOGONSERVER=\\ARAIN-1026, PROMPT=$P$G, SESSIONNAME=Console, ALLUSERSPROFILE=C:\ProgramData, PROGRAMFILES(X86)=C:\Program Files (x86), PROCESSOR_ARCHITECTURE=AMD64, NVIDIAWHITELISTED=0x01, MACTYPE_X64ADDR=140722930780928, =E:=E:\none\power-parent\power-common, PROGRAMFILES=C:\Program Files, =C:=C:\, APPDATA=C:\Users\Arain\AppData\Roaming, PSMODULEPATH=C:\Program Files\WindowsPowerShell\Modules;C:\WINDOWS\system32\WindowsPowerShell\v1.0\Modules, PROGRAMW6432=C:\Program Files, PROGRAMDATA=C:\ProgramData, SYSTEMROOT=C:\WINDOWS, USERNAME=Arain, FPS_BROWSER_USER_PROFILE_STRING=Default, ONEDRIVE=C:\Users\Arain\OneDrive, CONFIGSETROOT=C:\WINDOWS\ConfigSetRoot, PATHEXT=.COM;.EXE;.BAT;.CMD;.VBS;.VBE;.JS;.JSE;.WSF;.WSH;.MSC, OS=Windows_NT, COMMONPROGRAMW6432=C:\Program Files\Common Files, COMPUTERNAME=ARAIN-1026, COMMONPROGRAMFILES=C:\Program Files\Common Files, COMSPEC=C:\WINDOWS\system32\cmd.exe, PROCESSOR_REVISION=9e09, SHIM_MCCOMPAT=0x810000001, WINDIR=C:\WINDOWS, HOMEPATH=\Users\Arain, TEMP=C:\Users\Arain\AppData\Local\Temp, HOMEDRIVE=C:, PROCESSOR_IDENTIFIER=Intel64 Family 6 Model 158 Stepping 9, GenuineIntel, USERPROFILE=C:\Users\Arain, TMP=C:\Users\Arain\AppData\Local\Temp, PUBLIC=C:\Users\Public, NUMBER_OF_PROCESSORS=4, =::=::\}}]
11:28:25.477 [main] DEBUG org.springframework.core.io.support.PathMatchingResourcePatternResolver - Resolved classpath location [org/arain/power/] to resources [URL [file:/E:/none/power-parent/power-common/target/test-classes/org/arain/power/], URL [file:/E:/none/power-parent/power-common/target/classes/org/arain/power/]]
11:28:25.477 [main] DEBUG org.springframework.core.io.support.PathMatchingResourcePatternResolver - Looking for matching resources in directory tree [E:\none\power-parent\power-common\target\test-classes\org\arain\power]
11:28:25.477 [main] DEBUG org.springframework.core.io.support.PathMatchingResourcePatternResolver - Searching directory [E:\none\power-parent\power-common\target\test-classes\org\arain\power] for files matching pattern [E:/none/power-parent/power-common/target/test-classes/org/arain/power/*.class]
11:28:25.477 [main] DEBUG org.springframework.core.io.support.PathMatchingResourcePatternResolver - Looking for matching resources in directory tree [E:\none\power-parent\power-common\target\classes\org\arain\power]
11:28:25.478 [main] DEBUG org.springframework.core.io.support.PathMatchingResourcePatternResolver - Searching directory [E:\none\power-parent\power-common\target\classes\org\arain\power] for files matching pattern [E:/none/power-parent/power-common/target/classes/org/arain/power/*.class]
11:28:25.478 [main] DEBUG org.springframework.core.io.support.PathMatchingResourcePatternResolver - Resolved location pattern [classpath*:org/arain/power/*.class] to resources [file [E:\none\power-parent\power-common\target\test-classes\org\arain\power\PowerCommonApplicationTests.class]]
11:28:25.479 [main] DEBUG org.springframework.core.io.support.PathMatchingResourcePatternResolver - Resolved classpath location [org/arain/] to resources [URL [file:/E:/none/power-parent/power-common/target/test-classes/org/arain/], URL [file:/E:/none/power-parent/power-common/target/classes/org/arain/]]
11:28:25.480 [main] DEBUG org.springframework.core.io.support.PathMatchingResourcePatternResolver - Looking for matching resources in directory tree [E:\none\power-parent\power-common\target\test-classes\org\arain]
11:28:25.481 [main] DEBUG org.springframework.core.io.support.PathMatchingResourcePatternResolver - Searching directory [E:\none\power-parent\power-common\target\test-classes\org\arain] for files matching pattern [E:/none/power-parent/power-common/target/test-classes/org/arain/*.class]
11:28:25.482 [main] DEBUG org.springframework.core.io.support.PathMatchingResourcePatternResolver - Looking for matching resources in directory tree [E:\none\power-parent\power-common\target\classes\org\arain]
11:28:25.482 [main] DEBUG org.springframework.core.io.support.PathMatchingResourcePatternResolver - Searching directory [E:\none\power-parent\power-common\target\classes\org\arain] for files matching pattern [E:/none/power-parent/power-common/target/classes/org/arain/*.class]
11:28:25.482 [main] DEBUG org.springframework.core.io.support.PathMatchingResourcePatternResolver - Resolved location pattern [classpath*:org/arain/*.class] to resources []
11:28:25.484 [main] DEBUG org.springframework.core.io.support.PathMatchingResourcePatternResolver - Resolved classpath location [org/] to resources [URL [jar:file:/e:/maven/repository/org/apache/maven/surefire/surefire-booter/2.18.1/surefire-booter-2.18.1.jar!/org/], URL [jar:file:/e:/maven/repository/org/apache/maven/surefire/surefire-api/2.18.1/surefire-api-2.18.1.jar!/org/], URL [file:/E:/none/power-parent/power-common/target/test-classes/org/], URL [file:/E:/none/power-parent/power-common/target/classes/org/], URL [jar:file:/e:/maven/repository/org/springframework/boot/spring-boot/1.5.9.RELEASE/spring-boot-1.5.9.RELEASE.jar!/org/], URL [jar:file:/e:/maven/repository/org/springframework/spring-context/4.3.13.RELEASE/spring-context-4.3.13.RELEASE.jar!/org/], URL [jar:file:/e:/maven/repository/org/springframework/spring-aop/4.3.13.RELEASE/spring-aop-4.3.13.RELEASE.jar!/org/], URL [jar:file:/e:/maven/repository/org/springframework/spring-beans/4.3.13.RELEASE/spring-beans-4.3.13.RELEASE.jar!/org/], URL [jar:file:/e:/maven/repository/org/springframework/spring-expression/4.3.13.RELEASE/spring-expression-4.3.13.RELEASE.jar!/org/], URL [jar:file:/e:/maven/repository/org/springframework/boot/spring-boot-autoconfigure/1.5.9.RELEASE/spring-boot-autoconfigure-1.5.9.RELEASE.jar!/org/], URL [jar:file:/e:/maven/repository/ch/qos/logback/logback-classic/1.1.11/logback-classic-1.1.11.jar!/org/], URL [jar:file:/e:/maven/repository/org/slf4j/jcl-over-slf4j/1.7.25/jcl-over-slf4j-1.7.25.jar!/org/], URL [jar:file:/e:/maven/repository/org/slf4j/jul-to-slf4j/1.7.25/jul-to-slf4j-1.7.25.jar!/org/], URL [jar:file:/e:/maven/repository/org/slf4j/log4j-over-slf4j/1.7.25/log4j-over-slf4j-1.7.25.jar!/org/], URL [jar:file:/e:/maven/repository/org/springframework/spring-core/4.3.13.RELEASE/spring-core-4.3.13.RELEASE.jar!/org/], URL [jar:file:/e:/maven/repository/org/yaml/snakeyaml/1.17/snakeyaml-1.17.jar!/org/], URL [jar:file:/e:/maven/repository/org/springframework/boot/spring-boot-test/1.5.9.RELEASE/spring-boot-test-1.5.9.RELEASE.jar!/org/], URL [jar:file:/e:/maven/repository/org/springframework/boot/spring-boot-test-autoconfigure/1.5.9.RELEASE/spring-boot-test-autoconfigure-1.5.9.RELEASE.jar!/org/], URL [jar:file:/e:/maven/repository/net/minidev/accessors-smart/1.1/accessors-smart-1.1.jar!/org/], URL [jar:file:/e:/maven/repository/org/ow2/asm/asm/5.0.3/asm-5.0.3.jar!/org/], URL [jar:file:/e:/maven/repository/org/slf4j/slf4j-api/1.7.25/slf4j-api-1.7.25.jar!/org/], URL [jar:file:/e:/maven/repository/junit/junit/4.12/junit-4.12.jar!/org/], URL [jar:file:/e:/maven/repository/org/assertj/assertj-core/2.6.0/assertj-core-2.6.0.jar!/org/], URL [jar:file:/e:/maven/repository/org/mockito/mockito-core/1.10.19/mockito-core-1.10.19.jar!/org/], URL [jar:file:/e:/maven/repository/org/objenesis/objenesis/2.1/objenesis-2.1.jar!/org/], URL [jar:file:/e:/maven/repository/org/hamcrest/hamcrest-core/1.3/hamcrest-core-1.3.jar!/org/], URL [jar:file:/e:/maven/repository/org/hamcrest/hamcrest-library/1.3/hamcrest-library-1.3.jar!/org/], URL [jar:file:/e:/maven/repository/org/skyscreamer/jsonassert/1.4.0/jsonassert-1.4.0.jar!/org/], URL [jar:file:/e:/maven/repository/com/vaadin/external/google/android-json/0.0.20131108.vaadin1/android-json-0.0.20131108.vaadin1.jar!/org/], URL [jar:file:/e:/maven/repository/org/springframework/spring-test/4.3.13.RELEASE/spring-test-4.3.13.RELEASE.jar!/org/], URL [jar:file:/e:/maven/repository/org/apache/maven/surefire/surefire-junit4/2.18.1/surefire-junit4-2.18.1.jar!/org/]]
11:28:25.486 [main] DEBUG org.springframework.core.io.support.PathMatchingResourcePatternResolver - Looking for matching resources in jar file [file:/e:/maven/repository/org/apache/maven/surefire/surefire-booter/2.18.1/surefire-booter-2.18.1.jar]
11:28:25.487 [main] DEBUG org.springframework.core.io.support.PathMatchingResourcePatternResolver - Looking for matching resources in jar file [file:/e:/maven/repository/org/apache/maven/surefire/surefire-api/2.18.1/surefire-api-2.18.1.jar]
11:28:25.488 [main] DEBUG org.springframework.core.io.support.PathMatchingResourcePatternResolver - Looking for matching resources in directory tree [E:\none\power-parent\power-common\target\test-classes\org]
11:28:25.488 [main] DEBUG org.springframework.core.io.support.PathMatchingResourcePatternResolver - Searching directory [E:\none\power-parent\power-common\target\test-classes\org] for files matching pattern [E:/none/power-parent/power-common/target/test-classes/org/*.class]
11:28:25.489 [main] DEBUG org.springframework.core.io.support.PathMatchingResourcePatternResolver - Looking for matching resources in directory tree [E:\none\power-parent\power-common\target\classes\org]
11:28:25.489 [main] DEBUG org.springframework.core.io.support.PathMatchingResourcePatternResolver - Searching directory [E:\none\power-parent\power-common\target\classes\org] for files matching pattern [E:/none/power-parent/power-common/target/classes/org/*.class]
11:28:25.489 [main] DEBUG org.springframework.core.io.support.PathMatchingResourcePatternResolver - Looking for matching resources in jar file [file:/e:/maven/repository/org/springframework/boot/spring-boot/1.5.9.RELEASE/spring-boot-1.5.9.RELEASE.jar]
11:28:25.491 [main] DEBUG org.springframework.core.io.support.PathMatchingResourcePatternResolver - Looking for matching resources in jar file [file:/e:/maven/repository/org/springframework/spring-context/4.3.13.RELEASE/spring-context-4.3.13.RELEASE.jar]
11:28:25.520 [main] DEBUG org.springframework.core.io.support.PathMatchingResourcePatternResolver - Looking for matching resources in jar file [file:/e:/maven/repository/org/springframework/spring-aop/4.3.13.RELEASE/spring-aop-4.3.13.RELEASE.jar]
11:28:25.523 [main] DEBUG org.springframework.core.io.support.PathMatchingResourcePatternResolver - Looking for matching resources in jar file [file:/e:/maven/repository/org/springframework/spring-beans/4.3.13.RELEASE/spring-beans-4.3.13.RELEASE.jar]
11:28:25.531 [main] DEBUG org.springframework.core.io.support.PathMatchingResourcePatternResolver - Looking for matching resources in jar file [file:/e:/maven/repository/org/springframework/spring-expression/4.3.13.RELEASE/spring-expression-4.3.13.RELEASE.jar]
11:28:25.532 [main] DEBUG org.springframework.core.io.support.PathMatchingResourcePatternResolver - Looking for matching resources in jar file [file:/e:/maven/repository/org/springframework/boot/spring-boot-autoconfigure/1.5.9.RELEASE/spring-boot-autoconfigure-1.5.9.RELEASE.jar]
11:28:25.535 [main] DEBUG org.springframework.core.io.support.PathMatchingResourcePatternResolver - Looking for matching resources in jar file [file:/e:/maven/repository/ch/qos/logback/logback-classic/1.1.11/logback-classic-1.1.11.jar]
11:28:25.539 [main] DEBUG org.springframework.core.io.support.PathMatchingResourcePatternResolver - Looking for matching resources in jar file [file:/e:/maven/repository/org/slf4j/jcl-over-slf4j/1.7.25/jcl-over-slf4j-1.7.25.jar]
11:28:25.539 [main] DEBUG org.springframework.core.io.support.PathMatchingResourcePatternResolver - Looking for matching resources in jar file [file:/e:/maven/repository/org/slf4j/jul-to-slf4j/1.7.25/jul-to-slf4j-1.7.25.jar]
11:28:25.540 [main] DEBUG org.springframework.core.io.support.PathMatchingResourcePatternResolver - Looking for matching resources in jar file [file:/e:/maven/repository/org/slf4j/log4j-over-slf4j/1.7.25/log4j-over-slf4j-1.7.25.jar]
11:28:25.541 [main] DEBUG org.springframework.core.io.support.PathMatchingResourcePatternResolver - Looking for matching resources in jar file [file:/e:/maven/repository/org/springframework/spring-core/4.3.13.RELEASE/spring-core-4.3.13.RELEASE.jar]
11:28:25.543 [main] DEBUG org.springframework.core.io.support.PathMatchingResourcePatternResolver - Looking for matching resources in jar file [file:/e:/maven/repository/org/yaml/snakeyaml/1.17/snakeyaml-1.17.jar]
11:28:25.545 [main] DEBUG org.springframework.core.io.support.PathMatchingResourcePatternResolver - Looking for matching resources in jar file [file:/e:/maven/repository/org/springframework/boot/spring-boot-test/1.5.9.RELEASE/spring-boot-test-1.5.9.RELEASE.jar]
11:28:25.546 [main] DEBUG org.springframework.core.io.support.PathMatchingResourcePatternResolver - Looking for matching resources in jar file [file:/e:/maven/repository/org/springframework/boot/spring-boot-test-autoconfigure/1.5.9.RELEASE/spring-boot-test-autoconfigure-1.5.9.RELEASE.jar]
11:28:25.546 [main] DEBUG org.springframework.core.io.support.PathMatchingResourcePatternResolver - Looking for matching resources in jar file [file:/e:/maven/repository/net/minidev/accessors-smart/1.1/accessors-smart-1.1.jar]
11:28:25.547 [main] DEBUG org.springframework.core.io.support.PathMatchingResourcePatternResolver - Looking for matching resources in jar file [file:/e:/maven/repository/org/ow2/asm/asm/5.0.3/asm-5.0.3.jar]
11:28:25.547 [main] DEBUG org.springframework.core.io.support.PathMatchingResourcePatternResolver - Looking for matching resources in jar file [file:/e:/maven/repository/org/slf4j/slf4j-api/1.7.25/slf4j-api-1.7.25.jar]
11:28:25.547 [main] DEBUG org.springframework.core.io.support.PathMatchingResourcePatternResolver - Looking for matching resources in jar file [file:/e:/maven/repository/junit/junit/4.12/junit-4.12.jar]
11:28:25.548 [main] DEBUG org.springframework.core.io.support.PathMatchingResourcePatternResolver - Looking for matching resources in jar file [file:/e:/maven/repository/org/assertj/assertj-core/2.6.0/assertj-core-2.6.0.jar]
11:28:25.550 [main] DEBUG org.springframework.core.io.support.PathMatchingResourcePatternResolver - Looking for matching resources in jar file [file:/e:/maven/repository/org/mockito/mockito-core/1.10.19/mockito-core-1.10.19.jar]
11:28:25.553 [main] DEBUG org.springframework.core.io.support.PathMatchingResourcePatternResolver - Looking for matching resources in jar file [file:/e:/maven/repository/org/objenesis/objenesis/2.1/objenesis-2.1.jar]
11:28:25.553 [main] DEBUG org.springframework.core.io.support.PathMatchingResourcePatternResolver - Looking for matching resources in jar file [file:/e:/maven/repository/org/hamcrest/hamcrest-core/1.3/hamcrest-core-1.3.jar]
11:28:25.554 [main] DEBUG org.springframework.core.io.support.PathMatchingResourcePatternResolver - Looking for matching resources in jar file [file:/e:/maven/repository/org/hamcrest/hamcrest-library/1.3/hamcrest-library-1.3.jar]
11:28:25.554 [main] DEBUG org.springframework.core.io.support.PathMatchingResourcePatternResolver - Looking for matching resources in jar file [file:/e:/maven/repository/org/skyscreamer/jsonassert/1.4.0/jsonassert-1.4.0.jar]
11:28:25.556 [main] DEBUG org.springframework.core.io.support.PathMatchingResourcePatternResolver - Looking for matching resources in jar file [file:/e:/maven/repository/com/vaadin/external/google/android-json/0.0.20131108.vaadin1/android-json-0.0.20131108.vaadin1.jar]
11:28:25.557 [main] DEBUG org.springframework.core.io.support.PathMatchingResourcePatternResolver - Looking for matching resources in jar file [file:/e:/maven/repository/org/springframework/spring-test/4.3.13.RELEASE/spring-test-4.3.13.RELEASE.jar]
11:28:25.559 [main] DEBUG org.springframework.core.io.support.PathMatchingResourcePatternResolver - Looking for matching resources in jar file [file:/e:/maven/repository/org/apache/maven/surefire/surefire-junit4/2.18.1/surefire-junit4-2.18.1.jar]
11:28:25.560 [main] DEBUG org.springframework.core.io.support.PathMatchingResourcePatternResolver - Resolved location pattern [classpath*:org/*.class] to resources []
]]></system-out>
  </testcase>
</testsuite>